0 info it worked if it ends with ok
1 verbose cli [ 'node',
1 verbose cli   '/usr/local/bin/npm',
1 verbose cli   'install',
1 verbose cli   '--save-dev',
1 verbose cli   'style-loader' ]
2 info using npm@1.4.28
3 info using node@v0.10.38
4 warn package.json markdoc@0.0.1 No repository field.
5 verbose readDependencies using package.json deps
6 verbose cache add [ 'style-loader', null ]
7 verbose cache add name=undefined spec="style-loader" args=["style-loader",null]
8 verbose parsed url { protocol: null,
8 verbose parsed url   slashes: null,
8 verbose parsed url   auth: null,
8 verbose parsed url   host: null,
8 verbose parsed url   port: null,
8 verbose parsed url   hostname: null,
8 verbose parsed url   hash: null,
8 verbose parsed url   search: null,
8 verbose parsed url   query: null,
8 verbose parsed url   pathname: 'style-loader',
8 verbose parsed url   path: 'style-loader',
8 verbose parsed url   href: 'style-loader' }
9 silly lockFile f09c34d7-style-loader style-loader
10 verbose lock style-loader /Users/ewong/.npm/f09c34d7-style-loader.lock
11 silly lockFile f09c34d7-style-loader style-loader
12 silly lockFile f09c34d7-style-loader style-loader
13 verbose addNamed [ 'style-loader', '' ]
14 verbose addNamed [ null, '*' ]
15 silly lockFile 9365c285-style-loader style-loader@
16 verbose lock style-loader@ /Users/ewong/.npm/9365c285-style-loader.lock
17 silly addNameRange { name: 'style-loader', range: '*', hasData: false }
18 verbose request where is /artifactory/api/npm/npm-repo/style-loader
19 verbose request registry http://artifactory.web.blizzard.net/
20 verbose request id 457fc30f014439ce
21 verbose url raw /artifactory/api/npm/npm-repo/style-loader
22 verbose url resolving [ 'http://artifactory.web.blizzard.net/',
22 verbose url resolving   './artifactory/api/npm/npm-repo/style-loader' ]
23 verbose url resolved http://artifactory.web.blizzard.net/artifactory/api/npm/npm-repo/style-loader
24 verbose request where is http://artifactory.web.blizzard.net/artifactory/api/npm/npm-repo/style-loader
25 info trying registry request attempt 1 at 20:40:57
26 http GET http://artifactory.web.blizzard.net/artifactory/api/npm/npm-repo/style-loader
27 info retry will retry, error on last attempt: Error: getaddrinfo ENOTFOUND
28 info trying registry request attempt 2 at 20:41:07
29 http GET http://artifactory.web.blizzard.net/artifactory/api/npm/npm-repo/style-loader
30 info retry will retry, error on last attempt: Error: getaddrinfo ENOTFOUND
31 info trying registry request attempt 3 at 20:42:07
32 http GET http://artifactory.web.blizzard.net/artifactory/api/npm/npm-repo/style-loader
33 silly lockFile 9365c285-style-loader style-loader@
34 silly lockFile 9365c285-style-loader style-loader@
35 error network getaddrinfo ENOTFOUND
35 error network This is most likely not a problem with npm itself
35 error network and is related to network connectivity.
35 error network In most cases you are behind a proxy or have bad network settings.
35 error network
35 error network If you are behind a proxy, please make sure that the
35 error network 'proxy' config is set properly.  See: 'npm help config'
36 error System Darwin 14.3.0
37 error command "node" "/usr/local/bin/npm" "install" "--save-dev" "style-loader"
38 error cwd /Users/ewong/code/timers
39 error node -v v0.10.38
40 error npm -v 1.4.28
41 error syscall getaddrinfo
42 error code ENOTFOUND
43 error errno ENOTFOUND
44 verbose exit [ 1, true ]
